# JRE version: OpenJDK Runtime Environment (21.0.6) (build 21.0.6+-13391695-b895.109)
# Java VM: OpenJDK 64-Bit Server VM (21.0.6+-13391695-b895.109, mixed mode, tiered, compressed oops, compressed class ptrs, g1 gc, windows-amd64)
GC Precious Log:
 CardTable entry size: 512
 Card Set container configuration: InlinePtr #cards 5 size 8 Array Of Cards #cards 12 size 40 Howl #buckets 4 coarsen threshold 1843 Howl Bitmap #cards 512 size 80 coarsen threshold 460 Card regions per heap region 1 cards per card region 2048
 CPUs: 8 total, 8 available
 Memory: 5877M
 Large Page Support: Disabled
 NUMA Support: Disabled
 Compressed Oops: Enabled (32-bit)
 Heap Region Size: 1M
 Heap Min Capacity: 8M
 Heap Initial Capacity: 92M
 Heap Max Capacity: 2G
 Pre-touch: Disabled
 Parallel Workers: 8
 Concurrent Workers: 2
 Concurrent Refinement Workers: 8
 Periodic GC: Disabled
Heap:
 garbage-first heap   total 463872K, used 321089K [0x0000000080000000, 0x0000000100000000)
  region size 1024K, 158 young (161792K), 1 survivors (1024K)
 Metaspace       used 155324K, committed 157824K, reserved 1245184K
  class space    used 21165K, committed 22400K, reserved 1048576K
GC Heap History (20 events):
Event: 59.487 GC heap before
{Heap before GC invocations=62 (full 0):
 garbage-first heap   total 242688K, used 220151K [0x0000000080000000, 0x0000000100000000)
  region size 1024K, 85 young (87040K), 7 survivors (7168K)
 Metaspace       used 144297K, committed 146816K, reserved 1179648K
  class space    used 19978K, committed 21184K, reserved 1048576K
}
Event: 59.496 GC heap after
{Heap after GC invocations=63 (full 0):
 garbage-first heap   total 242688K, used 143621K [0x0000000080000000, 0x0000000100000000)
  region size 1024K, 8 young (8192K), 8 survivors (8192K)
 Metaspace       used 144297K, committed 146816K, reserved 1179648K
  class space    used 19978K, committed 21184K, reserved 1048576K
}
Event: 59.816 GC heap before
{Heap before GC invocations=63 (full 0):
 garbage-first heap   total 242688K, used 220421K [0x0000000080000000, 0x0000000100000000)
  region size 1024K, 83 young (84992K), 8 survivors (8192K)
 Metaspace       used 145826K, committed 148352K, reserved 1179648K
  class space    used 20074K, committed 21312K, reserved 1048576K
}
Event: 59.822 GC heap after
{Heap after GC invocations=64 (full 0):
 garbage-first heap   total 242688K, used 145106K [0x0000000080000000, 0x0000000100000000)
  region size 1024K, 6 young (6144K), 6 survivors (6144K)
 Metaspace       used 145826K, committed 148352K, reserved 1179648K
  class space    used 20074K, committed 21312K, reserved 1048576K
}
Event: 60.154 GC heap before
{Heap before GC invocations=65 (full 0):
 garbage-first heap   total 244736K, used 221906K [0x0000000080000000, 0x0000000100000000)
  region size 1024K, 81 young (82944K), 6 survivors (6144K)
 Metaspace       used 147227K, committed 149760K, reserved 1179648K
  class space    used 20310K, committed 21568K, reserved 1048576K
}
Event: 60.161 GC heap after
{Heap after GC invocations=66 (full 0):
 garbage-first heap   total 244736K, used 146944K [0x0000000080000000, 0x0000000100000000)
  region size 1024K, 8 young (8192K), 8 survivors (8192K)
 Metaspace       used 147227K, committed 149760K, reserved 1179648K
  class space    used 20310K, committed 21568K, reserved 1048576K
}
Event: 60.461 GC heap before
{Heap before GC invocations=66 (full 0):
 garbage-first heap   total 244736K, used 220672K [0x0000000080000000, 0x0000000100000000)
  region size 1024K, 81 young (82944K), 8 survivors (8192K)
 Metaspace       used 148281K, committed 150784K, reserved 1179648K
  class space    used 20464K, committed 21696K, reserved 1048576K
}
Event: 60.468 GC heap after
{Heap after GC invocations=67 (full 0):
 garbage-first heap   total 244736K, used 144744K [0x0000000080000000, 0x0000000100000000)
  region size 1024K, 3 young (3072K), 3 survivors (3072K)
 Metaspace       used 148281K, committed 150784K, reserved 1179648K
  class space    used 20464K, committed 21696K, reserved 1048576K
}
Event: 61.307 GC heap before
{Heap before GC invocations=67 (full 0):
 garbage-first heap   total 244736K, used 226664K [0x0000000080000000, 0x0000000100000000)
  region size 1024K, 84 young (86016K), 3 survivors (3072K)
 Metaspace       used 149709K, committed 152256K, reserved 1245184K
  class space    used 20592K, committed 21824K, reserved 1048576K
}
Event: 61.311 GC heap after
{Heap after GC invocations=68 (full 0):
 garbage-first heap   total 244736K, used 145837K [0x0000000080000000, 0x0000000100000000)
  region size 1024K, 4 young (4096K), 4 survivors (4096K)
 Metaspace       used 149709K, committed 152256K, reserved 1245184K
  class space    used 20592K, committed 21824K, reserved 1048576K
}
Event: 62.775 GC heap before
{Heap before GC invocations=69 (full 0):
 garbage-first heap   total 244736K, used 226733K [0x0000000080000000, 0x0000000100000000)
  region size 1024K, 83 young (84992K), 4 survivors (4096K)
 Metaspace       used 152170K, committed 154688K, reserved 1245184K
  class space    used 20938K, committed 22208K, reserved 1048576K
}
Event: 62.781 GC heap after
{Heap after GC invocations=70 (full 0):
 garbage-first heap   total 244736K, used 147022K [0x0000000080000000, 0x0000000100000000)
  region size 1024K, 5 young (5120K), 5 survivors (5120K)
 Metaspace       used 152170K, committed 154688K, reserved 1245184K
  class space    used 20938K, committed 22208K, reserved 1048576K
}
Event: 69.155 GC heap before
{Heap before GC invocations=70 (full 0):
 garbage-first heap   total 452608K, used 451150K [0x0000000080000000, 0x0000000100000000)
  region size 1024K, 11 young (11264K), 5 survivors (5120K)
 Metaspace       used 152655K, committed 155200K, reserved 1245184K
  class space    used 21013K, committed 22272K, reserved 1048576K
}
Event: 69.163 GC heap after
{Heap after GC invocations=71 (full 0):
 garbage-first heap   total 459776K, used 145111K [0x0000000080000000, 0x0000000100000000)
  region size 1024K, 5 young (5120K), 5 survivors (5120K)
 Metaspace       used 152655K, committed 155200K, reserved 1245184K
  class space    used 21013K, committed 22272K, reserved 1048576K
}
Event: 538.379 GC heap before
{Heap before GC invocations=71 (full 0):
 garbage-first heap   total 459776K, used 414423K [0x0000000080000000, 0x0000000100000000)
  region size 1024K, 269 young (275456K), 5 survivors (5120K)
 Metaspace       used 154414K, committed 156928K, reserved 1245184K
  class space    used 21159K, committed 22400K, reserved 1048576K
}
Event: 538.461 GC heap after
{Heap after GC invocations=72 (full 0):
 garbage-first heap   total 459776K, used 165226K [0x0000000080000000, 0x0000000100000000)
  region size 1024K, 25 young (25600K), 25 survivors (25600K)
 Metaspace       used 154414K, committed 156928K, reserved 1245184K
  class space    used 21159K, committed 22400K, reserved 1048576K
}
Event: 540.319 GC heap before
{Heap before GC invocations=72 (full 0):
 garbage-first heap   total 459776K, used 400746K [0x0000000080000000, 0x0000000100000000)
  region size 1024K, 226 young (231424K), 25 survivors (25600K)
 Metaspace       used 154788K, committed 157312K, reserved 1245184K
  class space    used 21159K, committed 22400K, reserved 1048576K
}
Event: 540.360 GC heap after
{Heap after GC invocations=73 (full 0):
 garbage-first heap   total 459776K, used 189980K [0x0000000080000000, 0x0000000100000000)
  region size 1024K, 3 young (3072K), 3 survivors (3072K)
 Metaspace       used 154788K, committed 157312K, reserved 1245184K
  class space    used 21159K, committed 22400K, reserved 1048576K
}
Event: 544.795 GC heap before
{Heap before GC invocations=73 (full 0):
 garbage-first heap   total 462848K, used 462364K [0x0000000080000000, 0x0000000100000000)
  region size 1024K, 7 young (7168K), 3 survivors (3072K)
 Metaspace       used 154809K, committed 157312K, reserved 1245184K
  class space    used 21159K, committed 22400K, reserved 1048576K
}
Event: 544.798 GC heap after
{Heap after GC invocations=74 (full 0):
 garbage-first heap   total 463872K, used 161345K [0x0000000080000000, 0x0000000100000000)
  region size 1024K, 1 young (1024K), 1 survivors (1024K)
 Metaspace       used 154809K, committed 157312K, reserved 1245184K
  class space    used 21159K, committed 22400K, reserved 1048576K
}

